[debug] [2021-01-19T05:59:31.469Z] ----------------------------------------------------------------------
[debug] [2021-01-19T05:59:31.471Z] Command:       C:\Program Files\nodejs\node.exe C:\Users\mateu\AppData\Roaming\npm\node_modules\firebase-tools\lib\bin\firebase.js emulators:start
[debug] [2021-01-19T05:59:31.471Z] CLI Version:   9.2.1
[debug] [2021-01-19T05:59:31.471Z] Platform:      win32
[debug] [2021-01-19T05:59:31.471Z] Node Version:  v14.15.1
[debug] [2021-01-19T05:59:31.472Z] Time:          Tue Jan 19 2021 02:59:31 GMT-0300 (Horário Padrão de Brasília)
[debug] [2021-01-19T05:59:31.472Z] ----------------------------------------------------------------------
[debug] [2021-01-19T05:59:31.472Z] 
[debug] [2021-01-19T05:59:31.479Z] > command requires scopes: ["email","openid","https://www.googleapis.com/auth/cloudplatformprojects.readonly","https://www.googleapis.com/auth/firebase","https://www.googleapis.com/auth/cloud-platform"]
[debug] [2021-01-19T05:59:31.480Z] > authorizing via signed-in user
[info] i  emulators: Starting emulators: functions, hosting {"metadata":{"emulator":{"name":"hub"},"message":"Starting emulators: functions, hosting"}}
[debug] [2021-01-19T05:59:31.523Z] [hub] writing locator at C:\Users\mateu\AppData\Local\Temp\hub-clone-ecf29.json
[warn] !  functions: The following emulators are not running, calls to these services from the Functions emulator will affect production: auth, firestore, database, pubsub {"metadata":{"emulator":{"name":"functions"},"message":"The following emulators are not running, calls to these services from the Functions emulator will affect production: \u001b[1mauth, firestore, database, pubsub\u001b[22m"}}
[warn] !  Your requested "node" version "12" doesn't match your global version "14" {"metadata":{"emulator":{"name":"functions"},"message":"Your requested \"node\" version \"12\" doesn't match your global version \"14\""}}
[debug] [2021-01-19T05:59:31.555Z] defaultcredentials: writing to file C:\Users\mateu\AppData\Roaming\firebase\mateusgalacinispinelli_gmail_com_application_default_credentials.json
[debug] [2021-01-19T05:59:31.559Z] Setting GAC to C:\Users\mateu\AppData\Roaming\firebase\mateusgalacinispinelli_gmail_com_application_default_credentials.json {"metadata":{"emulator":{"name":"functions"},"message":"Setting GAC to C:\\Users\\mateu\\AppData\\Roaming\\firebase\\mateusgalacinispinelli_gmail_com_application_default_credentials.json"}}
[debug] [2021-01-19T05:59:31.562Z] > refreshing access token with scopes: []
[debug] [2021-01-19T05:59:31.563Z] >>> HTTP REQUEST POST https://www.googleapis.com/oauth2/v3/token  
 <request body omitted>
[debug] [2021-01-19T05:59:31.744Z] <<< HTTP RESPONSE 200 {"cache-control":"no-cache, no-store, max-age=0, must-revalidate","date":"Tue, 19 Jan 2021 05:59:33 GMT","pragma":"no-cache","expires":"Mon, 01 Jan 1990 00:00:00 GMT","content-type":"application/json; charset=utf-8","vary":"X-Origin, Referer, Origin,Accept-Encoding","server":"scaffolding on HTTPServer2","x-xss-protection":"0","x-frame-options":"SAMEORIGIN","x-content-type-options":"nosniff","alt-svc":"h3-29=\":443\"; ma=2592000,h3-T051=\":443\"; ma=2592000,h3-Q050=\":443\"; ma=2592000,h3-Q046=\":443\"; ma=2592000,h3-Q043=\":443\"; ma=2592000,quic=\":443\"; ma=2592000; v=\"46,43\"","accept-ranges":"none","transfer-encoding":"chunked"}
[debug] [2021-01-19T05:59:31.749Z] >>> [apiv2][query] GET https://firebase.googleapis.com/v1beta1/projects/clone-ecf29/adminSdkConfig [none]
[debug] [2021-01-19T05:59:32.804Z] <<< [apiv2][status] GET https://firebase.googleapis.com/v1beta1/projects/clone-ecf29/adminSdkConfig 200
[debug] [2021-01-19T05:59:32.805Z] <<< [apiv2][body] GET https://firebase.googleapis.com/v1beta1/projects/clone-ecf29/adminSdkConfig {"projectId":"clone-ecf29","storageBucket":"clone-ecf29.appspot.com","locationId":"southamerica-east1"}
[debug] [2021-01-19T05:59:32.819Z] >>> [apiv2][query] GET https://firebase.googleapis.com/v1beta1/projects/clone-ecf29/webApps/-/config [none]
[debug] [2021-01-19T05:59:34.068Z] <<< [apiv2][status] GET https://firebase.googleapis.com/v1beta1/projects/clone-ecf29/webApps/-/config 200
[debug] [2021-01-19T05:59:34.068Z] <<< [apiv2][body] GET https://firebase.googleapis.com/v1beta1/projects/clone-ecf29/webApps/-/config {"projectId":"clone-ecf29","appId":"1:27548974201:web:ea1556017d73892415e8a8","storageBucket":"clone-ecf29.appspot.com","locationId":"southamerica-east1","apiKey":"AIzaSyD5N7pUZUKtSKhhqwKD78tklmhj5jPha10","authDomain":"clone-ecf29.firebaseapp.com","messagingSenderId":"27548974201","measurementId":"G-MYR20544VZ"}
[info] i  hosting: Serving hosting files from: build {"metadata":{"emulator":{"name":"hosting"},"message":"Serving hosting files from: \u001b[1mbuild\u001b[22m"}}
[info] +  hosting: Local server: http://localhost:5000 {"metadata":{"emulator":{"name":"hosting"},"message":"Local server: \u001b[4m\u001b[1mhttp://localhost:5000\u001b[22m\u001b[24m"}}
[warn] !  ui: Emulator UI unable to start on port 4000, starting on 4001 instead. {"metadata":{"emulator":{"name":"ui"},"message":"Emulator UI unable to start on port 4000, starting on 4001 instead."}}
[debug] [2021-01-19T05:59:34.131Z] Ignoring unsupported arg: auto_download {"metadata":{"emulator":{"name":"ui"},"message":"Ignoring unsupported arg: auto_download"}}
[debug] [2021-01-19T05:59:34.131Z] Ignoring unsupported arg: port {"metadata":{"emulator":{"name":"ui"},"message":"Ignoring unsupported arg: port"}}
[debug] [2021-01-19T05:59:34.131Z] Starting Emulator UI with command {"binary":"node","args":["C:\\Users\\mateu\\.cache\\firebase\\emulators\\ui-v1.4.1\\server.bundle.js"],"optionalArgs":[],"joinArgs":false} {"metadata":{"emulator":{"name":"ui"},"message":"Starting Emulator UI with command {\"binary\":\"node\",\"args\":[\"C:\\\\Users\\\\mateu\\\\.cache\\\\firebase\\\\emulators\\\\ui-v1.4.1\\\\server.bundle.js\"],\"optionalArgs\":[],\"joinArgs\":false}"}}
[info] i  ui: Emulator UI logging to ui-debug.log {"metadata":{"emulator":{"name":"ui"},"message":"Emulator UI logging to \u001b[1mui-debug.log\u001b[22m"}}
[debug] [2021-01-19T05:59:34.254Z] Web / API server started at http://localhost:4001
 {"metadata":{"emulator":{"name":"ui"},"message":"Web / API server started at http://localhost:4001\n"}}
[info] i  functions: Watching "E:\Amazon\amazon\functions" for Cloud Functions... {"metadata":{"emulator":{"name":"functions"},"message":"Watching \"E:\\Amazon\\amazon\\functions\" for Cloud Functions..."}}
[debug] [2021-01-19T05:59:34.417Z] [worker-pool] addWorker(~diagnostic~) {"metadata":{"emulator":{"name":"functions"},"message":"[worker-pool] addWorker(~diagnostic~)"}}
[debug] [2021-01-19T05:59:34.417Z] [worker-pool] Adding worker with key ~diagnostic~, total=1 {"metadata":{"emulator":{"name":"functions"},"message":"[worker-pool] Adding worker with key ~diagnostic~, total=1"}}
[debug] [2021-01-19T05:59:34.417Z] [worker-pool] submitWork(triggerId=) {"metadata":{"emulator":{"name":"functions"},"message":"[worker-pool] submitWork(triggerId=)"}}
[debug] [2021-01-19T05:59:34.418Z] [worker-~diagnostic~-8948a71c-105b-4d67-950a-b51b4051f19f]: Assigning socketPath: \\?\pipe\E:\Amazon\amazon\functions\13860 {"metadata":{"emulator":{"name":"functions"},"message":"[worker-~diagnostic~-8948a71c-105b-4d67-950a-b51b4051f19f]: Assigning socketPath: \\\\?\\pipe\\E:\\Amazon\\amazon\\functions\\13860"}}
[debug] [2021-01-19T05:59:34.418Z] [worker-~diagnostic~-8948a71c-105b-4d67-950a-b51b4051f19f]: BUSY {"metadata":{"emulator":{"name":"functions"},"message":"[worker-~diagnostic~-8948a71c-105b-4d67-950a-b51b4051f19f]: BUSY"}}
[debug] [2021-01-19T05:59:34.619Z] [runtime-status] [13860] Functions runtime initialized. {"cwd":"E:\\Amazon\\amazon\\functions","node_version":"14.15.1"} {"metadata":{"emulator":{"name":"functions"},"message":"[runtime-status] [13860] Functions runtime initialized. {\"cwd\":\"E:\\\\Amazon\\\\amazon\\\\functions\",\"node_version\":\"14.15.1\"}"}}
[debug] [2021-01-19T05:59:34.620Z] [runtime-status] [13860] Disabled runtime features: undefined {"metadata":{"emulator":{"name":"functions"},"message":"[runtime-status] [13860] Disabled runtime features: undefined"}}
[debug] [2021-01-19T05:59:34.623Z] [runtime-status] [13860] Resolved module firebase-admin {"declared":true,"installed":true,"version":"9.4.2","resolution":"E:\\Amazon\\amazon\\functions\\node_modules\\firebase-admin\\lib\\index.js"} {"metadata":{"emulator":{"name":"functions"},"message":"[runtime-status] [13860] Resolved module firebase-admin {\"declared\":true,\"installed\":true,\"version\":\"9.4.2\",\"resolution\":\"E:\\\\Amazon\\\\amazon\\\\functions\\\\node_modules\\\\firebase-admin\\\\lib\\\\index.js\"}"}}
[debug] [2021-01-19T05:59:34.624Z] [runtime-status] [13860] Resolved module firebase-functions {"declared":true,"installed":true,"version":"3.13.0","resolution":"E:\\Amazon\\amazon\\functions\\node_modules\\firebase-functions\\lib\\index.js"} {"metadata":{"emulator":{"name":"functions"},"message":"[runtime-status] [13860] Resolved module firebase-functions {\"declared\":true,\"installed\":true,\"version\":\"3.13.0\",\"resolution\":\"E:\\\\Amazon\\\\amazon\\\\functions\\\\node_modules\\\\firebase-functions\\\\lib\\\\index.js\"}"}}
[debug] [2021-01-19T05:59:34.626Z] [runtime-status] [13860] Resolved module firebase-functions {"declared":true,"installed":true,"version":"3.13.0","resolution":"E:\\Amazon\\amazon\\functions\\node_modules\\firebase-functions\\lib\\index.js"} {"metadata":{"emulator":{"name":"functions"},"message":"[runtime-status] [13860] Resolved module firebase-functions {\"declared\":true,\"installed\":true,\"version\":\"3.13.0\",\"resolution\":\"E:\\\\Amazon\\\\amazon\\\\functions\\\\node_modules\\\\firebase-functions\\\\lib\\\\index.js\"}"}}
[debug] [2021-01-19T05:59:34.627Z] [runtime-status] [13860] Outgoing network have been stubbed. [{"name":"http","status":"mocked"},{"name":"http","status":"mocked"},{"name":"https","status":"mocked"},{"name":"https","status":"mocked"},{"name":"net","status":"mocked"}] {"metadata":{"emulator":{"name":"functions"},"message":"[runtime-status] [13860] Outgoing network have been stubbed. [{\"name\":\"http\",\"status\":\"mocked\"},{\"name\":\"http\",\"status\":\"mocked\"},{\"name\":\"https\",\"status\":\"mocked\"},{\"name\":\"https\",\"status\":\"mocked\"},{\"name\":\"net\",\"status\":\"mocked\"}]"}}
[debug] [2021-01-19T05:59:34.628Z] [runtime-status] [13860] Resolved module firebase-functions {"declared":true,"installed":true,"version":"3.13.0","resolution":"E:\\Amazon\\amazon\\functions\\node_modules\\firebase-functions\\lib\\index.js"} {"metadata":{"emulator":{"name":"functions"},"message":"[runtime-status] [13860] Resolved module firebase-functions {\"declared\":true,\"installed\":true,\"version\":\"3.13.0\",\"resolution\":\"E:\\\\Amazon\\\\amazon\\\\functions\\\\node_modules\\\\firebase-functions\\\\lib\\\\index.js\"}"}}
[debug] [2021-01-19T05:59:34.667Z] [runtime-status] [13860] Checked functions.config() {"config":{}} {"metadata":{"emulator":{"name":"functions"},"message":"[runtime-status] [13860] Checked functions.config() {\"config\":{}}"}}
[debug] [2021-01-19T05:59:34.667Z] [runtime-status] [13860] firebase-functions has been stubbed. {"functionsResolution":{"declared":true,"installed":true,"version":"3.13.0","resolution":"E:\\Amazon\\amazon\\functions\\node_modules\\firebase-functions\\lib\\index.js"}} {"metadata":{"emulator":{"name":"functions"},"message":"[runtime-status] [13860] firebase-functions has been stubbed. {\"functionsResolution\":{\"declared\":true,\"installed\":true,\"version\":\"3.13.0\",\"resolution\":\"E:\\\\Amazon\\\\amazon\\\\functions\\\\node_modules\\\\firebase-functions\\\\lib\\\\index.js\"}}"}}
[debug] [2021-01-19T05:59:34.667Z] [runtime-status] [13860] Resolved module firebase-functions {"declared":true,"installed":true,"version":"3.13.0","resolution":"E:\\Amazon\\amazon\\functions\\node_modules\\firebase-functions\\lib\\index.js"} {"metadata":{"emulator":{"name":"functions"},"message":"[runtime-status] [13860] Resolved module firebase-functions {\"declared\":true,\"installed\":true,\"version\":\"3.13.0\",\"resolution\":\"E:\\\\Amazon\\\\amazon\\\\functions\\\\node_modules\\\\firebase-functions\\\\lib\\\\index.js\"}"}}
[debug] [2021-01-19T05:59:34.668Z] [runtime-status] [13860] Resolved module firebase-admin {"declared":true,"installed":true,"version":"9.4.2","resolution":"E:\\Amazon\\amazon\\functions\\node_modules\\firebase-admin\\lib\\index.js"} {"metadata":{"emulator":{"name":"functions"},"message":"[runtime-status] [13860] Resolved module firebase-admin {\"declared\":true,\"installed\":true,\"version\":\"9.4.2\",\"resolution\":\"E:\\\\Amazon\\\\amazon\\\\functions\\\\node_modules\\\\firebase-admin\\\\lib\\\\index.js\"}"}}
[debug] [2021-01-19T05:59:34.669Z] [runtime-status] [13860] Resolved module firebase-functions {"declared":true,"installed":true,"version":"3.13.0","resolution":"E:\\Amazon\\amazon\\functions\\node_modules\\firebase-functions\\lib\\index.js"} {"metadata":{"emulator":{"name":"functions"},"message":"[runtime-status] [13860] Resolved module firebase-functions {\"declared\":true,\"installed\":true,\"version\":\"3.13.0\",\"resolution\":\"E:\\\\Amazon\\\\amazon\\\\functions\\\\node_modules\\\\firebase-functions\\\\lib\\\\index.js\"}"}}
[debug] [2021-01-19T05:59:34.669Z] [runtime-status] [13860] firebase-admin has been stubbed. {"adminResolution":{"declared":true,"installed":true,"version":"9.4.2","resolution":"E:\\Amazon\\amazon\\functions\\node_modules\\firebase-admin\\lib\\index.js"}} {"metadata":{"emulator":{"name":"functions"},"message":"[runtime-status] [13860] firebase-admin has been stubbed. {\"adminResolution\":{\"declared\":true,\"installed\":true,\"version\":\"9.4.2\",\"resolution\":\"E:\\\\Amazon\\\\amazon\\\\functions\\\\node_modules\\\\firebase-admin\\\\lib\\\\index.js\"}}"}}
[warn] !  Error: Cannot find module 'stripe'
Require stack:
- E:\Amazon\amazon\functions\index.js
- C:\Users\mateu\AppData\Roaming\npm\node_modules\firebase-tools\lib\emulator\functionsEmulatorRuntime.js
    at Function.Module._resolveFilename (internal/modules/cjs/loader.js:880:15)
    at Function.Module._load (internal/modules/cjs/loader.js:725:27)
    at Module.require (internal/modules/cjs/loader.js:952:19)
    at require (internal/modules/cjs/helpers.js:88:18)
    at Object.<anonymous> (E:\Amazon\amazon\functions\index.js:4:16)
    at Module._compile (internal/modules/cjs/loader.js:1063:30)
    at Object.Module._extensions..js (internal/modules/cjs/loader.js:1092:10)
    at Module.load (internal/modules/cjs/loader.js:928:32)
    at Function.Module._load (internal/modules/cjs/loader.js:769:14)
    at Module.require (internal/modules/cjs/loader.js:952:19) {"metadata":{"emulator":{"name":"functions"},"message":"Error: Cannot find module 'stripe'\nRequire stack:\n- E:\\Amazon\\amazon\\functions\\index.js\n- C:\\Users\\mateu\\AppData\\Roaming\\npm\\node_modules\\firebase-tools\\lib\\emulator\\functionsEmulatorRuntime.js\n    at Function.Module._resolveFilename (internal/modules/cjs/loader.js:880:15)\n    at Function.Module._load (internal/modules/cjs/loader.js:725:27)\n    at Module.require (internal/modules/cjs/loader.js:952:19)\n    at require (internal/modules/cjs/helpers.js:88:18)\n    at Object.<anonymous> (E:\\Amazon\\amazon\\functions\\index.js:4:16)\n    at Module._compile (internal/modules/cjs/loader.js:1063:30)\n    at Object.Module._extensions..js (internal/modules/cjs/loader.js:1092:10)\n    at Module.load (internal/modules/cjs/loader.js:928:32)\n    at Function.Module._load (internal/modules/cjs/loader.js:769:14)\n    at Module.require (internal/modules/cjs/loader.js:952:19)"}}
[warn] !  We were unable to load your functions code. (see above) {"metadata":{"emulator":{"name":"functions"}}}
[debug] [2021-01-19T05:59:34.786Z] [worker-~diagnostic~-8948a71c-105b-4d67-950a-b51b4051f19f]: exited {"metadata":{"emulator":{"name":"functions"},"message":"[worker-~diagnostic~-8948a71c-105b-4d67-950a-b51b4051f19f]: exited"}}
[debug] [2021-01-19T05:59:34.786Z] [worker-~diagnostic~-8948a71c-105b-4d67-950a-b51b4051f19f]: FINISHED {"metadata":{"emulator":{"name":"functions"},"message":"[worker-~diagnostic~-8948a71c-105b-4d67-950a-b51b4051f19f]: FINISHED"}}
[debug] [2021-01-19T06:01:50.816Z] ----------------------------------------------------------------------
[debug] [2021-01-19T06:01:50.818Z] Command:       C:\Program Files\nodejs\node.exe C:\Users\mateu\AppData\Roaming\npm\node_modules\firebase-tools\lib\bin\firebase.js emulators:start
[debug] [2021-01-19T06:01:50.819Z] CLI Version:   9.2.1
[debug] [2021-01-19T06:01:50.819Z] Platform:      win32
[debug] [2021-01-19T06:01:50.819Z] Node Version:  v14.15.1
[debug] [2021-01-19T06:01:50.820Z] Time:          Tue Jan 19 2021 03:01:50 GMT-0300 (Horário Padrão de Brasília)
[debug] [2021-01-19T06:01:50.820Z] ----------------------------------------------------------------------
[debug] [2021-01-19T06:01:50.820Z] 
[debug] [2021-01-19T06:01:50.827Z] > command requires scopes: ["email","openid","https://www.googleapis.com/auth/cloudplatformprojects.readonly","https://www.googleapis.com/auth/firebase","https://www.googleapis.com/auth/cloud-platform"]
[debug] [2021-01-19T06:01:50.827Z] > authorizing via signed-in user
[info] i  emulators: Starting emulators: functions, hosting {"metadata":{"emulator":{"name":"hub"},"message":"Starting emulators: functions, hosting"}}
[warn] !  emulators: It seems that you are running multiple instances of the emulator suite for project clone-ecf29. This may result in unexpected behavior. 
[debug] [2021-01-19T06:01:50.873Z] [hub] writing locator at C:\Users\mateu\AppData\Local\Temp\hub-clone-ecf29.json
[warn] !  functions: The following emulators are not running, calls to these services from the Functions emulator will affect production: auth, firestore, database, pubsub {"metadata":{"emulator":{"name":"functions"},"message":"The following emulators are not running, calls to these services from the Functions emulator will affect production: \u001b[1mauth, firestore, database, pubsub\u001b[22m"}}
[warn] !  Your requested "node" version "12" doesn't match your global version "14" {"metadata":{"emulator":{"name":"functions"},"message":"Your requested \"node\" version \"12\" doesn't match your global version \"14\""}}
[debug] [2021-01-19T06:01:50.903Z] defaultcredentials: writing to file C:\Users\mateu\AppData\Roaming\firebase\mateusgalacinispinelli_gmail_com_application_default_credentials.json
[debug] [2021-01-19T06:01:50.905Z] Setting GAC to C:\Users\mateu\AppData\Roaming\firebase\mateusgalacinispinelli_gmail_com_application_default_credentials.json {"metadata":{"emulator":{"name":"functions"},"message":"Setting GAC to C:\\Users\\mateu\\AppData\\Roaming\\firebase\\mateusgalacinispinelli_gmail_com_application_default_credentials.json"}}
[debug] [2021-01-19T06:01:50.907Z] >>> [apiv2][query] GET https://firebase.googleapis.com/v1beta1/projects/clone-ecf29/adminSdkConfig [none]
[debug] [2021-01-19T06:01:51.948Z] <<< [apiv2][status] GET https://firebase.googleapis.com/v1beta1/projects/clone-ecf29/adminSdkConfig 200
[debug] [2021-01-19T06:01:51.948Z] <<< [apiv2][body] GET https://firebase.googleapis.com/v1beta1/projects/clone-ecf29/adminSdkConfig {"projectId":"clone-ecf29","storageBucket":"clone-ecf29.appspot.com","locationId":"southamerica-east1"}
[debug] [2021-01-19T06:01:51.958Z] >>> [apiv2][query] GET https://firebase.googleapis.com/v1beta1/projects/clone-ecf29/webApps/-/config [none]
[debug] [2021-01-19T06:01:53.191Z] <<< [apiv2][status] GET https://firebase.googleapis.com/v1beta1/projects/clone-ecf29/webApps/-/config 200
[debug] [2021-01-19T06:01:53.191Z] <<< [apiv2][body] GET https://firebase.googleapis.com/v1beta1/projects/clone-ecf29/webApps/-/config {"projectId":"clone-ecf29","appId":"1:27548974201:web:ea1556017d73892415e8a8","storageBucket":"clone-ecf29.appspot.com","locationId":"southamerica-east1","apiKey":"AIzaSyD5N7pUZUKtSKhhqwKD78tklmhj5jPha10","authDomain":"clone-ecf29.firebaseapp.com","messagingSenderId":"27548974201","measurementId":"G-MYR20544VZ"}
[info] i  hosting: Serving hosting files from: build {"metadata":{"emulator":{"name":"hosting"},"message":"Serving hosting files from: \u001b[1mbuild\u001b[22m"}}
[info] +  hosting: Local server: http://localhost:5000 {"metadata":{"emulator":{"name":"hosting"},"message":"Local server: \u001b[4m\u001b[1mhttp://localhost:5000\u001b[22m\u001b[24m"}}
[warn] !  ui: Emulator UI unable to start on port 4000, starting on 4002 instead. {"metadata":{"emulator":{"name":"ui"},"message":"Emulator UI unable to start on port 4000, starting on 4002 instead."}}
[debug] [2021-01-19T06:01:53.243Z] Ignoring unsupported arg: auto_download {"metadata":{"emulator":{"name":"ui"},"message":"Ignoring unsupported arg: auto_download"}}
[debug] [2021-01-19T06:01:53.243Z] Ignoring unsupported arg: port {"metadata":{"emulator":{"name":"ui"},"message":"Ignoring unsupported arg: port"}}
[debug] [2021-01-19T06:01:53.243Z] Starting Emulator UI with command {"binary":"node","args":["C:\\Users\\mateu\\.cache\\firebase\\emulators\\ui-v1.4.1\\server.bundle.js"],"optionalArgs":[],"joinArgs":false} {"metadata":{"emulator":{"name":"ui"},"message":"Starting Emulator UI with command {\"binary\":\"node\",\"args\":[\"C:\\\\Users\\\\mateu\\\\.cache\\\\firebase\\\\emulators\\\\ui-v1.4.1\\\\server.bundle.js\"],\"optionalArgs\":[],\"joinArgs\":false}"}}
[info] i  ui: Emulator UI logging to ui-debug.log {"metadata":{"emulator":{"name":"ui"},"message":"Emulator UI logging to \u001b[1mui-debug.log\u001b[22m"}}
[debug] [2021-01-19T06:01:53.356Z] Web / API server started at http://localhost:4002
 {"metadata":{"emulator":{"name":"ui"},"message":"Web / API server started at http://localhost:4002\n"}}
[info] i  functions: Watching "E:\Amazon\amazon\functions" for Cloud Functions... {"metadata":{"emulator":{"name":"functions"},"message":"Watching \"E:\\Amazon\\amazon\\functions\" for Cloud Functions..."}}
[debug] [2021-01-19T06:01:53.523Z] [worker-pool] addWorker(~diagnostic~) {"metadata":{"emulator":{"name":"functions"},"message":"[worker-pool] addWorker(~diagnostic~)"}}
[debug] [2021-01-19T06:01:53.524Z] [worker-pool] Adding worker with key ~diagnostic~, total=1 {"metadata":{"emulator":{"name":"functions"},"message":"[worker-pool] Adding worker with key ~diagnostic~, total=1"}}
[debug] [2021-01-19T06:01:53.524Z] [worker-pool] submitWork(triggerId=) {"metadata":{"emulator":{"name":"functions"},"message":"[worker-pool] submitWork(triggerId=)"}}
[debug] [2021-01-19T06:01:53.525Z] [worker-~diagnostic~-4abc5b71-6650-4e3d-a15e-1498591f7225]: Assigning socketPath: \\?\pipe\E:\Amazon\amazon\functions\7776 {"metadata":{"emulator":{"name":"functions"},"message":"[worker-~diagnostic~-4abc5b71-6650-4e3d-a15e-1498591f7225]: Assigning socketPath: \\\\?\\pipe\\E:\\Amazon\\amazon\\functions\\7776"}}
[debug] [2021-01-19T06:01:53.525Z] [worker-~diagnostic~-4abc5b71-6650-4e3d-a15e-1498591f7225]: BUSY {"metadata":{"emulator":{"name":"functions"},"message":"[worker-~diagnostic~-4abc5b71-6650-4e3d-a15e-1498591f7225]: BUSY"}}
[debug] [2021-01-19T06:01:53.723Z] [runtime-status] [7776] Functions runtime initialized. {"cwd":"E:\\Amazon\\amazon\\functions","node_version":"14.15.1"} {"metadata":{"emulator":{"name":"functions"},"message":"[runtime-status] [7776] Functions runtime initialized. {\"cwd\":\"E:\\\\Amazon\\\\amazon\\\\functions\",\"node_version\":\"14.15.1\"}"}}
[debug] [2021-01-19T06:01:53.724Z] [runtime-status] [7776] Disabled runtime features: undefined {"metadata":{"emulator":{"name":"functions"},"message":"[runtime-status] [7776] Disabled runtime features: undefined"}}
[debug] [2021-01-19T06:01:53.727Z] [runtime-status] [7776] Resolved module firebase-admin {"declared":true,"installed":true,"version":"9.4.2","resolution":"E:\\Amazon\\amazon\\functions\\node_modules\\firebase-admin\\lib\\index.js"} {"metadata":{"emulator":{"name":"functions"},"message":"[runtime-status] [7776] Resolved module firebase-admin {\"declared\":true,\"installed\":true,\"version\":\"9.4.2\",\"resolution\":\"E:\\\\Amazon\\\\amazon\\\\functions\\\\node_modules\\\\firebase-admin\\\\lib\\\\index.js\"}"}}
[debug] [2021-01-19T06:01:53.728Z] [runtime-status] [7776] Resolved module firebase-functions {"declared":true,"installed":true,"version":"3.13.0","resolution":"E:\\Amazon\\amazon\\functions\\node_modules\\firebase-functions\\lib\\index.js"} {"metadata":{"emulator":{"name":"functions"},"message":"[runtime-status] [7776] Resolved module firebase-functions {\"declared\":true,\"installed\":true,\"version\":\"3.13.0\",\"resolution\":\"E:\\\\Amazon\\\\amazon\\\\functions\\\\node_modules\\\\firebase-functions\\\\lib\\\\index.js\"}"}}
[debug] [2021-01-19T06:01:53.730Z] [runtime-status] [7776] Resolved module firebase-functions {"declared":true,"installed":true,"version":"3.13.0","resolution":"E:\\Amazon\\amazon\\functions\\node_modules\\firebase-functions\\lib\\index.js"} {"metadata":{"emulator":{"name":"functions"},"message":"[runtime-status] [7776] Resolved module firebase-functions {\"declared\":true,\"installed\":true,\"version\":\"3.13.0\",\"resolution\":\"E:\\\\Amazon\\\\amazon\\\\functions\\\\node_modules\\\\firebase-functions\\\\lib\\\\index.js\"}"}}
[debug] [2021-01-19T06:01:53.731Z] [runtime-status] [7776] Outgoing network have been stubbed. [{"name":"http","status":"mocked"},{"name":"http","status":"mocked"},{"name":"https","status":"mocked"},{"name":"https","status":"mocked"},{"name":"net","status":"mocked"}] {"metadata":{"emulator":{"name":"functions"},"message":"[runtime-status] [7776] Outgoing network have been stubbed. [{\"name\":\"http\",\"status\":\"mocked\"},{\"name\":\"http\",\"status\":\"mocked\"},{\"name\":\"https\",\"status\":\"mocked\"},{\"name\":\"https\",\"status\":\"mocked\"},{\"name\":\"net\",\"status\":\"mocked\"}]"}}
[debug] [2021-01-19T06:01:53.732Z] [runtime-status] [7776] Resolved module firebase-functions {"declared":true,"installed":true,"version":"3.13.0","resolution":"E:\\Amazon\\amazon\\functions\\node_modules\\firebase-functions\\lib\\index.js"} {"metadata":{"emulator":{"name":"functions"},"message":"[runtime-status] [7776] Resolved module firebase-functions {\"declared\":true,\"installed\":true,\"version\":\"3.13.0\",\"resolution\":\"E:\\\\Amazon\\\\amazon\\\\functions\\\\node_modules\\\\firebase-functions\\\\lib\\\\index.js\"}"}}
[debug] [2021-01-19T06:01:53.771Z] [runtime-status] [7776] Checked functions.config() {"config":{}} {"metadata":{"emulator":{"name":"functions"},"message":"[runtime-status] [7776] Checked functions.config() {\"config\":{}}"}}
[debug] [2021-01-19T06:01:53.771Z] [runtime-status] [7776] firebase-functions has been stubbed. {"functionsResolution":{"declared":true,"installed":true,"version":"3.13.0","resolution":"E:\\Amazon\\amazon\\functions\\node_modules\\firebase-functions\\lib\\index.js"}} {"metadata":{"emulator":{"name":"functions"},"message":"[runtime-status] [7776] firebase-functions has been stubbed. {\"functionsResolution\":{\"declared\":true,\"installed\":true,\"version\":\"3.13.0\",\"resolution\":\"E:\\\\Amazon\\\\amazon\\\\functions\\\\node_modules\\\\firebase-functions\\\\lib\\\\index.js\"}}"}}
[debug] [2021-01-19T06:01:53.772Z] [runtime-status] [7776] Resolved module firebase-functions {"declared":true,"installed":true,"version":"3.13.0","resolution":"E:\\Amazon\\amazon\\functions\\node_modules\\firebase-functions\\lib\\index.js"} {"metadata":{"emulator":{"name":"functions"},"message":"[runtime-status] [7776] Resolved module firebase-functions {\"declared\":true,\"installed\":true,\"version\":\"3.13.0\",\"resolution\":\"E:\\\\Amazon\\\\amazon\\\\functions\\\\node_modules\\\\firebase-functions\\\\lib\\\\index.js\"}"}}
[debug] [2021-01-19T06:01:53.773Z] [runtime-status] [7776] Resolved module firebase-admin {"declared":true,"installed":true,"version":"9.4.2","resolution":"E:\\Amazon\\amazon\\functions\\node_modules\\firebase-admin\\lib\\index.js"} {"metadata":{"emulator":{"name":"functions"},"message":"[runtime-status] [7776] Resolved module firebase-admin {\"declared\":true,\"installed\":true,\"version\":\"9.4.2\",\"resolution\":\"E:\\\\Amazon\\\\amazon\\\\functions\\\\node_modules\\\\firebase-admin\\\\lib\\\\index.js\"}"}}
[debug] [2021-01-19T06:01:53.773Z] [runtime-status] [7776] Resolved module firebase-functions {"declared":true,"installed":true,"version":"3.13.0","resolution":"E:\\Amazon\\amazon\\functions\\node_modules\\firebase-functions\\lib\\index.js"} {"metadata":{"emulator":{"name":"functions"},"message":"[runtime-status] [7776] Resolved module firebase-functions {\"declared\":true,\"installed\":true,\"version\":\"3.13.0\",\"resolution\":\"E:\\\\Amazon\\\\amazon\\\\functions\\\\node_modules\\\\firebase-functions\\\\lib\\\\index.js\"}"}}
[debug] [2021-01-19T06:01:53.774Z] [runtime-status] [7776] firebase-admin has been stubbed. {"adminResolution":{"declared":true,"installed":true,"version":"9.4.2","resolution":"E:\\Amazon\\amazon\\functions\\node_modules\\firebase-admin\\lib\\index.js"}} {"metadata":{"emulator":{"name":"functions"},"message":"[runtime-status] [7776] firebase-admin has been stubbed. {\"adminResolution\":{\"declared\":true,\"installed\":true,\"version\":\"9.4.2\",\"resolution\":\"E:\\\\Amazon\\\\amazon\\\\functions\\\\node_modules\\\\firebase-admin\\\\lib\\\\index.js\"}}"}}
[info] +  functions[api]: http function initialized (http://localhost:5001/clone-ecf29/us-central1/api). {"metadata":{"emulator":{"name":"functions"},"message":"\u001b[1mhttp\u001b[22m function initialized (http://localhost:5001/clone-ecf29/us-central1/api)."}}
[info] 
┌─────────────────────────────────────────────────────────────┐
│ ✔  All emulators ready! It is now safe to connect your app. │
│ i  View Emulator UI at http://localhost:4002                │
└─────────────────────────────────────────────────────────────┘

┌───────────┬────────────────┬─────────────────────────────────┐
│ Emulator  │ Host:Port      │ View in Emulator UI             │
├───────────┼────────────────┼─────────────────────────────────┤
│ Functions │ localhost:5001 │ http://localhost:4002/functions │
├───────────┼────────────────┼─────────────────────────────────┤
│ Hosting   │ localhost:5000 │ n/a                             │
└───────────┴────────────────┴─────────────────────────────────┘
  Emulator Hub running at localhost:4400
  Other reserved ports: 4500

Issues? Report them at https://github.com/firebase/firebase-tools/issues and attach the *-debug.log files.
 
[debug] [2021-01-19T06:01:54.035Z] [worker-~diagnostic~-4abc5b71-6650-4e3d-a15e-1498591f7225]: IDLE {"metadata":{"emulator":{"name":"functions"},"message":"[worker-~diagnostic~-4abc5b71-6650-4e3d-a15e-1498591f7225]: IDLE"}}
[debug] [2021-01-19T06:08:21.274Z] File E:\Amazon\amazon\functions\package.json changed, reloading triggers {"metadata":{"emulator":{"name":"functions"},"message":"File E:\\Amazon\\amazon\\functions\\package.json changed, reloading triggers"}}
[debug] [2021-01-19T06:08:22.275Z] [worker-pool] Shutting down IDLE worker (~diagnostic~) {"metadata":{"emulator":{"name":"functions"},"message":"[worker-pool] Shutting down IDLE worker (~diagnostic~)"}}
[debug] [2021-01-19T06:08:22.275Z] [worker-~diagnostic~-4abc5b71-6650-4e3d-a15e-1498591f7225]: FINISHING {"metadata":{"emulator":{"name":"functions"},"message":"[worker-~diagnostic~-4abc5b71-6650-4e3d-a15e-1498591f7225]: FINISHING"}}
[debug] [2021-01-19T06:08:22.280Z] [worker-pool] addWorker(~diagnostic~) {"metadata":{"emulator":{"name":"functions"},"message":"[worker-pool] addWorker(~diagnostic~)"}}
[debug] [2021-01-19T06:08:22.280Z] [worker-pool] Adding worker with key ~diagnostic~, total=2 {"metadata":{"emulator":{"name":"functions"},"message":"[worker-pool] Adding worker with key ~diagnostic~, total=2"}}
[debug] [2021-01-19T06:08:22.280Z] [worker-pool] submitWork(triggerId=) {"metadata":{"emulator":{"name":"functions"},"message":"[worker-pool] submitWork(triggerId=)"}}
[debug] [2021-01-19T06:08:22.280Z] [worker-~diagnostic~-6a1c5d06-c2f4-47e5-8550-06cb1b603bf2]: Assigning socketPath: \\?\pipe\E:\Amazon\amazon\functions\5312 {"metadata":{"emulator":{"name":"functions"},"message":"[worker-~diagnostic~-6a1c5d06-c2f4-47e5-8550-06cb1b603bf2]: Assigning socketPath: \\\\?\\pipe\\E:\\Amazon\\amazon\\functions\\5312"}}
[debug] [2021-01-19T06:08:22.281Z] [worker-~diagnostic~-6a1c5d06-c2f4-47e5-8550-06cb1b603bf2]: BUSY {"metadata":{"emulator":{"name":"functions"},"message":"[worker-~diagnostic~-6a1c5d06-c2f4-47e5-8550-06cb1b603bf2]: BUSY"}}
[debug] [2021-01-19T06:08:22.282Z] [worker-~diagnostic~-4abc5b71-6650-4e3d-a15e-1498591f7225]: exited {"metadata":{"emulator":{"name":"functions"},"message":"[worker-~diagnostic~-4abc5b71-6650-4e3d-a15e-1498591f7225]: exited"}}
[debug] [2021-01-19T06:08:22.283Z] [worker-~diagnostic~-4abc5b71-6650-4e3d-a15e-1498591f7225]: FINISHED {"metadata":{"emulator":{"name":"functions"},"message":"[worker-~diagnostic~-4abc5b71-6650-4e3d-a15e-1498591f7225]: FINISHED"}}
[debug] [2021-01-19T06:08:22.502Z] [runtime-status] [5312] Functions runtime initialized. {"cwd":"E:\\Amazon\\amazon\\functions","node_version":"14.15.1"} {"metadata":{"emulator":{"name":"functions"},"message":"[runtime-status] [5312] Functions runtime initialized. {\"cwd\":\"E:\\\\Amazon\\\\amazon\\\\functions\",\"node_version\":\"14.15.1\"}"}}
[debug] [2021-01-19T06:08:22.504Z] [runtime-status] [5312] Disabled runtime features: undefined {"metadata":{"emulator":{"name":"functions"},"message":"[runtime-status] [5312] Disabled runtime features: undefined"}}
[debug] [2021-01-19T06:08:22.507Z] [runtime-status] [5312] Resolved module firebase-admin {"declared":true,"installed":true,"version":"9.4.2","resolution":"E:\\Amazon\\amazon\\functions\\node_modules\\firebase-admin\\lib\\index.js"} {"metadata":{"emulator":{"name":"functions"},"message":"[runtime-status] [5312] Resolved module firebase-admin {\"declared\":true,\"installed\":true,\"version\":\"9.4.2\",\"resolution\":\"E:\\\\Amazon\\\\amazon\\\\functions\\\\node_modules\\\\firebase-admin\\\\lib\\\\index.js\"}"}}
[debug] [2021-01-19T06:08:22.508Z] [runtime-status] [5312] Resolved module firebase-functions {"declared":true,"installed":true,"version":"3.13.0","resolution":"E:\\Amazon\\amazon\\functions\\node_modules\\firebase-functions\\lib\\index.js"} {"metadata":{"emulator":{"name":"functions"},"message":"[runtime-status] [5312] Resolved module firebase-functions {\"declared\":true,\"installed\":true,\"version\":\"3.13.0\",\"resolution\":\"E:\\\\Amazon\\\\amazon\\\\functions\\\\node_modules\\\\firebase-functions\\\\lib\\\\index.js\"}"}}
[debug] [2021-01-19T06:08:22.510Z] [runtime-status] [5312] Resolved module firebase-functions {"declared":true,"installed":true,"version":"3.13.0","resolution":"E:\\Amazon\\amazon\\functions\\node_modules\\firebase-functions\\lib\\index.js"} {"metadata":{"emulator":{"name":"functions"},"message":"[runtime-status] [5312] Resolved module firebase-functions {\"declared\":true,\"installed\":true,\"version\":\"3.13.0\",\"resolution\":\"E:\\\\Amazon\\\\amazon\\\\functions\\\\node_modules\\\\firebase-functions\\\\lib\\\\index.js\"}"}}
[debug] [2021-01-19T06:08:22.512Z] [runtime-status] [5312] Outgoing network have been stubbed. [{"name":"http","status":"mocked"},{"name":"http","status":"mocked"},{"name":"https","status":"mocked"},{"name":"https","status":"mocked"},{"name":"net","status":"mocked"}] {"metadata":{"emulator":{"name":"functions"},"message":"[runtime-status] [5312] Outgoing network have been stubbed. [{\"name\":\"http\",\"status\":\"mocked\"},{\"name\":\"http\",\"status\":\"mocked\"},{\"name\":\"https\",\"status\":\"mocked\"},{\"name\":\"https\",\"status\":\"mocked\"},{\"name\":\"net\",\"status\":\"mocked\"}]"}}
[debug] [2021-01-19T06:08:22.512Z] [runtime-status] [5312] Resolved module firebase-functions {"declared":true,"installed":true,"version":"3.13.0","resolution":"E:\\Amazon\\amazon\\functions\\node_modules\\firebase-functions\\lib\\index.js"} {"metadata":{"emulator":{"name":"functions"},"message":"[runtime-status] [5312] Resolved module firebase-functions {\"declared\":true,\"installed\":true,\"version\":\"3.13.0\",\"resolution\":\"E:\\\\Amazon\\\\amazon\\\\functions\\\\node_modules\\\\firebase-functions\\\\lib\\\\index.js\"}"}}
[debug] [2021-01-19T06:08:22.551Z] [runtime-status] [5312] Checked functions.config() {"config":{}} {"metadata":{"emulator":{"name":"functions"},"message":"[runtime-status] [5312] Checked functions.config() {\"config\":{}}"}}
[debug] [2021-01-19T06:08:22.552Z] [runtime-status] [5312] firebase-functions has been stubbed. {"functionsResolution":{"declared":true,"installed":true,"version":"3.13.0","resolution":"E:\\Amazon\\amazon\\functions\\node_modules\\firebase-functions\\lib\\index.js"}} {"metadata":{"emulator":{"name":"functions"},"message":"[runtime-status] [5312] firebase-functions has been stubbed. {\"functionsResolution\":{\"declared\":true,\"installed\":true,\"version\":\"3.13.0\",\"resolution\":\"E:\\\\Amazon\\\\amazon\\\\functions\\\\node_modules\\\\firebase-functions\\\\lib\\\\index.js\"}}"}}
[debug] [2021-01-19T06:08:22.552Z] [runtime-status] [5312] Resolved module firebase-functions {"declared":true,"installed":true,"version":"3.13.0","resolution":"E:\\Amazon\\amazon\\functions\\node_modules\\firebase-functions\\lib\\index.js"} {"metadata":{"emulator":{"name":"functions"},"message":"[runtime-status] [5312] Resolved module firebase-functions {\"declared\":true,\"installed\":true,\"version\":\"3.13.0\",\"resolution\":\"E:\\\\Amazon\\\\amazon\\\\functions\\\\node_modules\\\\firebase-functions\\\\lib\\\\index.js\"}"}}
[debug] [2021-01-19T06:08:22.553Z] [runtime-status] [5312] Resolved module firebase-admin {"declared":true,"installed":true,"version":"9.4.2","resolution":"E:\\Amazon\\amazon\\functions\\node_modules\\firebase-admin\\lib\\index.js"} {"metadata":{"emulator":{"name":"functions"},"message":"[runtime-status] [5312] Resolved module firebase-admin {\"declared\":true,\"installed\":true,\"version\":\"9.4.2\",\"resolution\":\"E:\\\\Amazon\\\\amazon\\\\functions\\\\node_modules\\\\firebase-admin\\\\lib\\\\index.js\"}"}}
[debug] [2021-01-19T06:08:22.553Z] [runtime-status] [5312] Resolved module firebase-functions {"declared":true,"installed":true,"version":"3.13.0","resolution":"E:\\Amazon\\amazon\\functions\\node_modules\\firebase-functions\\lib\\index.js"} {"metadata":{"emulator":{"name":"functions"},"message":"[runtime-status] [5312] Resolved module firebase-functions {\"declared\":true,\"installed\":true,\"version\":\"3.13.0\",\"resolution\":\"E:\\\\Amazon\\\\amazon\\\\functions\\\\node_modules\\\\firebase-functions\\\\lib\\\\index.js\"}"}}
[debug] [2021-01-19T06:08:22.554Z] [runtime-status] [5312] firebase-admin has been stubbed. {"adminResolution":{"declared":true,"installed":true,"version":"9.4.2","resolution":"E:\\Amazon\\amazon\\functions\\node_modules\\firebase-admin\\lib\\index.js"}} {"metadata":{"emulator":{"name":"functions"},"message":"[runtime-status] [5312] firebase-admin has been stubbed. {\"adminResolution\":{\"declared\":true,\"installed\":true,\"version\":\"9.4.2\",\"resolution\":\"E:\\\\Amazon\\\\amazon\\\\functions\\\\node_modules\\\\firebase-admin\\\\lib\\\\index.js\"}}"}}
[debug] [2021-01-19T06:08:22.686Z] [worker-~diagnostic~-6a1c5d06-c2f4-47e5-8550-06cb1b603bf2]: IDLE {"metadata":{"emulator":{"name":"functions"},"message":"[worker-~diagnostic~-6a1c5d06-c2f4-47e5-8550-06cb1b603bf2]: IDLE"}}
[debug] [2021-01-19T06:08:40.316Z] File E:\Amazon\amazon\functions\package.json changed, reloading triggers {"metadata":{"emulator":{"name":"functions"},"message":"File E:\\Amazon\\amazon\\functions\\package.json changed, reloading triggers"}}
[debug] [2021-01-19T06:08:40.370Z] File E:\Amazon\amazon\functions\package-lock.json.3354572832 changed, reloading triggers {"metadata":{"emulator":{"name":"functions"},"message":"File E:\\Amazon\\amazon\\functions\\package-lock.json.3354572832 changed, reloading triggers"}}
[debug] [2021-01-19T06:08:40.386Z] File E:\Amazon\amazon\functions\package-lock.json changed, reloading triggers {"metadata":{"emulator":{"name":"functions"},"message":"File E:\\Amazon\\amazon\\functions\\package-lock.json changed, reloading triggers"}}
[debug] [2021-01-19T06:08:41.386Z] [worker-pool] Shutting down IDLE worker (~diagnostic~) {"metadata":{"emulator":{"name":"functions"},"message":"[worker-pool] Shutting down IDLE worker (~diagnostic~)"}}
[debug] [2021-01-19T06:08:41.386Z] [worker-~diagnostic~-6a1c5d06-c2f4-47e5-8550-06cb1b603bf2]: FINISHING {"metadata":{"emulator":{"name":"functions"},"message":"[worker-~diagnostic~-6a1c5d06-c2f4-47e5-8550-06cb1b603bf2]: FINISHING"}}
[debug] [2021-01-19T06:08:41.386Z] [worker-pool] Cleaned up workers for ~diagnostic~: 2 --> 1 {"metadata":{"emulator":{"name":"functions"},"message":"[worker-pool] Cleaned up workers for ~diagnostic~: 2 --> 1"}}
[debug] [2021-01-19T06:08:41.390Z] [worker-pool] addWorker(~diagnostic~) {"metadata":{"emulator":{"name":"functions"},"message":"[worker-pool] addWorker(~diagnostic~)"}}
[debug] [2021-01-19T06:08:41.390Z] [worker-pool] Adding worker with key ~diagnostic~, total=2 {"metadata":{"emulator":{"name":"functions"},"message":"[worker-pool] Adding worker with key ~diagnostic~, total=2"}}
[debug] [2021-01-19T06:08:41.391Z] [worker-pool] submitWork(triggerId=) {"metadata":{"emulator":{"name":"functions"},"message":"[worker-pool] submitWork(triggerId=)"}}
[debug] [2021-01-19T06:08:41.391Z] [worker-~diagnostic~-7d52ffb4-ffa5-4bab-99f1-76b95ef3c1d2]: Assigning socketPath: \\?\pipe\E:\Amazon\amazon\functions\1480 {"metadata":{"emulator":{"name":"functions"},"message":"[worker-~diagnostic~-7d52ffb4-ffa5-4bab-99f1-76b95ef3c1d2]: Assigning socketPath: \\\\?\\pipe\\E:\\Amazon\\amazon\\functions\\1480"}}
[debug] [2021-01-19T06:08:41.391Z] [worker-~diagnostic~-7d52ffb4-ffa5-4bab-99f1-76b95ef3c1d2]: BUSY {"metadata":{"emulator":{"name":"functions"},"message":"[worker-~diagnostic~-7d52ffb4-ffa5-4bab-99f1-76b95ef3c1d2]: BUSY"}}
[debug] [2021-01-19T06:08:41.394Z] [worker-~diagnostic~-6a1c5d06-c2f4-47e5-8550-06cb1b603bf2]: exited {"metadata":{"emulator":{"name":"functions"},"message":"[worker-~diagnostic~-6a1c5d06-c2f4-47e5-8550-06cb1b603bf2]: exited"}}
[debug] [2021-01-19T06:08:41.394Z] [worker-~diagnostic~-6a1c5d06-c2f4-47e5-8550-06cb1b603bf2]: FINISHED {"metadata":{"emulator":{"name":"functions"},"message":"[worker-~diagnostic~-6a1c5d06-c2f4-47e5-8550-06cb1b603bf2]: FINISHED"}}
[debug] [2021-01-19T06:08:41.613Z] [runtime-status] [1480] Functions runtime initialized. {"cwd":"E:\\Amazon\\amazon\\functions","node_version":"14.15.1"} {"metadata":{"emulator":{"name":"functions"},"message":"[runtime-status] [1480] Functions runtime initialized. {\"cwd\":\"E:\\\\Amazon\\\\amazon\\\\functions\",\"node_version\":\"14.15.1\"}"}}
[debug] [2021-01-19T06:08:41.617Z] [runtime-status] [1480] Disabled runtime features: undefined {"metadata":{"emulator":{"name":"functions"},"message":"[runtime-status] [1480] Disabled runtime features: undefined"}}
[debug] [2021-01-19T06:08:41.621Z] [runtime-status] [1480] Resolved module firebase-admin {"declared":true,"installed":true,"version":"9.4.2","resolution":"E:\\Amazon\\amazon\\functions\\node_modules\\firebase-admin\\lib\\index.js"} {"metadata":{"emulator":{"name":"functions"},"message":"[runtime-status] [1480] Resolved module firebase-admin {\"declared\":true,\"installed\":true,\"version\":\"9.4.2\",\"resolution\":\"E:\\\\Amazon\\\\amazon\\\\functions\\\\node_modules\\\\firebase-admin\\\\lib\\\\index.js\"}"}}
[debug] [2021-01-19T06:08:41.623Z] [runtime-status] [1480] Resolved module firebase-functions {"declared":true,"installed":true,"version":"3.13.0","resolution":"E:\\Amazon\\amazon\\functions\\node_modules\\firebase-functions\\lib\\index.js"} {"metadata":{"emulator":{"name":"functions"},"message":"[runtime-status] [1480] Resolved module firebase-functions {\"declared\":true,\"installed\":true,\"version\":\"3.13.0\",\"resolution\":\"E:\\\\Amazon\\\\amazon\\\\functions\\\\node_modules\\\\firebase-functions\\\\lib\\\\index.js\"}"}}
[debug] [2021-01-19T06:08:41.625Z] [runtime-status] [1480] Resolved module firebase-functions {"declared":true,"installed":true,"version":"3.13.0","resolution":"E:\\Amazon\\amazon\\functions\\node_modules\\firebase-functions\\lib\\index.js"} {"metadata":{"emulator":{"name":"functions"},"message":"[runtime-status] [1480] Resolved module firebase-functions {\"declared\":true,\"installed\":true,\"version\":\"3.13.0\",\"resolution\":\"E:\\\\Amazon\\\\amazon\\\\functions\\\\node_modules\\\\firebase-functions\\\\lib\\\\index.js\"}"}}
[debug] [2021-01-19T06:08:41.627Z] [runtime-status] [1480] Outgoing network have been stubbed. [{"name":"http","status":"mocked"},{"name":"http","status":"mocked"},{"name":"https","status":"mocked"},{"name":"https","status":"mocked"},{"name":"net","status":"mocked"}] {"metadata":{"emulator":{"name":"functions"},"message":"[runtime-status] [1480] Outgoing network have been stubbed. [{\"name\":\"http\",\"status\":\"mocked\"},{\"name\":\"http\",\"status\":\"mocked\"},{\"name\":\"https\",\"status\":\"mocked\"},{\"name\":\"https\",\"status\":\"mocked\"},{\"name\":\"net\",\"status\":\"mocked\"}]"}}
[debug] [2021-01-19T06:08:41.628Z] [runtime-status] [1480] Resolved module firebase-functions {"declared":true,"installed":true,"version":"3.13.0","resolution":"E:\\Amazon\\amazon\\functions\\node_modules\\firebase-functions\\lib\\index.js"} {"metadata":{"emulator":{"name":"functions"},"message":"[runtime-status] [1480] Resolved module firebase-functions {\"declared\":true,\"installed\":true,\"version\":\"3.13.0\",\"resolution\":\"E:\\\\Amazon\\\\amazon\\\\functions\\\\node_modules\\\\firebase-functions\\\\lib\\\\index.js\"}"}}
[debug] [2021-01-19T06:08:41.670Z] [runtime-status] [1480] Checked functions.config() {"config":{}} {"metadata":{"emulator":{"name":"functions"},"message":"[runtime-status] [1480] Checked functions.config() {\"config\":{}}"}}
[debug] [2021-01-19T06:08:41.671Z] [runtime-status] [1480] firebase-functions has been stubbed. {"functionsResolution":{"declared":true,"installed":true,"version":"3.13.0","resolution":"E:\\Amazon\\amazon\\functions\\node_modules\\firebase-functions\\lib\\index.js"}} {"metadata":{"emulator":{"name":"functions"},"message":"[runtime-status] [1480] firebase-functions has been stubbed. {\"functionsResolution\":{\"declared\":true,\"installed\":true,\"version\":\"3.13.0\",\"resolution\":\"E:\\\\Amazon\\\\amazon\\\\functions\\\\node_modules\\\\firebase-functions\\\\lib\\\\index.js\"}}"}}
[debug] [2021-01-19T06:08:41.671Z] [runtime-status] [1480] Resolved module firebase-functions {"declared":true,"installed":true,"version":"3.13.0","resolution":"E:\\Amazon\\amazon\\functions\\node_modules\\firebase-functions\\lib\\index.js"} {"metadata":{"emulator":{"name":"functions"},"message":"[runtime-status] [1480] Resolved module firebase-functions {\"declared\":true,\"installed\":true,\"version\":\"3.13.0\",\"resolution\":\"E:\\\\Amazon\\\\amazon\\\\functions\\\\node_modules\\\\firebase-functions\\\\lib\\\\index.js\"}"}}
[debug] [2021-01-19T06:08:41.673Z] [runtime-status] [1480] Resolved module firebase-admin {"declared":true,"installed":true,"version":"9.4.2","resolution":"E:\\Amazon\\amazon\\functions\\node_modules\\firebase-admin\\lib\\index.js"} {"metadata":{"emulator":{"name":"functions"},"message":"[runtime-status] [1480] Resolved module firebase-admin {\"declared\":true,\"installed\":true,\"version\":\"9.4.2\",\"resolution\":\"E:\\\\Amazon\\\\amazon\\\\functions\\\\node_modules\\\\firebase-admin\\\\lib\\\\index.js\"}"}}
[debug] [2021-01-19T06:08:41.673Z] [runtime-status] [1480] Resolved module firebase-functions {"declared":true,"installed":true,"version":"3.13.0","resolution":"E:\\Amazon\\amazon\\functions\\node_modules\\firebase-functions\\lib\\index.js"} {"metadata":{"emulator":{"name":"functions"},"message":"[runtime-status] [1480] Resolved module firebase-functions {\"declared\":true,\"installed\":true,\"version\":\"3.13.0\",\"resolution\":\"E:\\\\Amazon\\\\amazon\\\\functions\\\\node_modules\\\\firebase-functions\\\\lib\\\\index.js\"}"}}
[debug] [2021-01-19T06:08:41.673Z] [runtime-status] [1480] firebase-admin has been stubbed. {"adminResolution":{"declared":true,"installed":true,"version":"9.4.2","resolution":"E:\\Amazon\\amazon\\functions\\node_modules\\firebase-admin\\lib\\index.js"}} {"metadata":{"emulator":{"name":"functions"},"message":"[runtime-status] [1480] firebase-admin has been stubbed. {\"adminResolution\":{\"declared\":true,\"installed\":true,\"version\":\"9.4.2\",\"resolution\":\"E:\\\\Amazon\\\\amazon\\\\functions\\\\node_modules\\\\firebase-admin\\\\lib\\\\index.js\"}}"}}
[debug] [2021-01-19T06:08:41.814Z] [worker-~diagnostic~-7d52ffb4-ffa5-4bab-99f1-76b95ef3c1d2]: IDLE {"metadata":{"emulator":{"name":"functions"},"message":"[worker-~diagnostic~-7d52ffb4-ffa5-4bab-99f1-76b95ef3c1d2]: IDLE"}}
[debug] [2021-01-19T06:08:51.474Z] File E:\Amazon\amazon\functions\package.json changed, reloading triggers {"metadata":{"emulator":{"name":"functions"},"message":"File E:\\Amazon\\amazon\\functions\\package.json changed, reloading triggers"}}
[debug] [2021-01-19T06:08:51.535Z] File E:\Amazon\amazon\functions\package-lock.json changed, reloading triggers {"metadata":{"emulator":{"name":"functions"},"message":"File E:\\Amazon\\amazon\\functions\\package-lock.json changed, reloading triggers"}}
[debug] [2021-01-19T06:08:52.535Z] [worker-pool] Shutting down IDLE worker (~diagnostic~) {"metadata":{"emulator":{"name":"functions"},"message":"[worker-pool] Shutting down IDLE worker (~diagnostic~)"}}
[debug] [2021-01-19T06:08:52.536Z] [worker-~diagnostic~-7d52ffb4-ffa5-4bab-99f1-76b95ef3c1d2]: FINISHING {"metadata":{"emulator":{"name":"functions"},"message":"[worker-~diagnostic~-7d52ffb4-ffa5-4bab-99f1-76b95ef3c1d2]: FINISHING"}}
[debug] [2021-01-19T06:08:52.537Z] [worker-pool] Cleaned up workers for ~diagnostic~: 2 --> 1 {"metadata":{"emulator":{"name":"functions"},"message":"[worker-pool] Cleaned up workers for ~diagnostic~: 2 --> 1"}}
[debug] [2021-01-19T06:08:52.542Z] [worker-pool] addWorker(~diagnostic~) {"metadata":{"emulator":{"name":"functions"},"message":"[worker-pool] addWorker(~diagnostic~)"}}
[debug] [2021-01-19T06:08:52.542Z] [worker-pool] Adding worker with key ~diagnostic~, total=2 {"metadata":{"emulator":{"name":"functions"},"message":"[worker-pool] Adding worker with key ~diagnostic~, total=2"}}
[debug] [2021-01-19T06:08:52.542Z] [worker-pool] submitWork(triggerId=) {"metadata":{"emulator":{"name":"functions"},"message":"[worker-pool] submitWork(triggerId=)"}}
[debug] [2021-01-19T06:08:52.542Z] [worker-~diagnostic~-29c5b21f-486a-4f29-9b62-53eeabcbd4e3]: Assigning socketPath: \\?\pipe\E:\Amazon\amazon\functions\10816 {"metadata":{"emulator":{"name":"functions"},"message":"[worker-~diagnostic~-29c5b21f-486a-4f29-9b62-53eeabcbd4e3]: Assigning socketPath: \\\\?\\pipe\\E:\\Amazon\\amazon\\functions\\10816"}}
[debug] [2021-01-19T06:08:52.542Z] [worker-~diagnostic~-29c5b21f-486a-4f29-9b62-53eeabcbd4e3]: BUSY {"metadata":{"emulator":{"name":"functions"},"message":"[worker-~diagnostic~-29c5b21f-486a-4f29-9b62-53eeabcbd4e3]: BUSY"}}
[debug] [2021-01-19T06:08:52.550Z] [worker-~diagnostic~-7d52ffb4-ffa5-4bab-99f1-76b95ef3c1d2]: exited {"metadata":{"emulator":{"name":"functions"},"message":"[worker-~diagnostic~-7d52ffb4-ffa5-4bab-99f1-76b95ef3c1d2]: exited"}}
[debug] [2021-01-19T06:08:52.550Z] [worker-~diagnostic~-7d52ffb4-ffa5-4bab-99f1-76b95ef3c1d2]: FINISHED {"metadata":{"emulator":{"name":"functions"},"message":"[worker-~diagnostic~-7d52ffb4-ffa5-4bab-99f1-76b95ef3c1d2]: FINISHED"}}
[debug] [2021-01-19T06:08:52.843Z] [runtime-status] [10816] Functions runtime initialized. {"cwd":"E:\\Amazon\\amazon\\functions","node_version":"14.15.1"} {"metadata":{"emulator":{"name":"functions"},"message":"[runtime-status] [10816] Functions runtime initialized. {\"cwd\":\"E:\\\\Amazon\\\\amazon\\\\functions\",\"node_version\":\"14.15.1\"}"}}
[debug] [2021-01-19T06:08:52.846Z] [runtime-status] [10816] Disabled runtime features: undefined {"metadata":{"emulator":{"name":"functions"},"message":"[runtime-status] [10816] Disabled runtime features: undefined"}}
[debug] [2021-01-19T06:08:52.849Z] [runtime-status] [10816] Resolved module firebase-admin {"declared":true,"installed":true,"version":"9.4.2","resolution":"E:\\Amazon\\amazon\\functions\\node_modules\\firebase-admin\\lib\\index.js"} {"metadata":{"emulator":{"name":"functions"},"message":"[runtime-status] [10816] Resolved module firebase-admin {\"declared\":true,\"installed\":true,\"version\":\"9.4.2\",\"resolution\":\"E:\\\\Amazon\\\\amazon\\\\functions\\\\node_modules\\\\firebase-admin\\\\lib\\\\index.js\"}"}}
[debug] [2021-01-19T06:08:52.851Z] [runtime-status] [10816] Resolved module firebase-functions {"declared":true,"installed":true,"version":"3.13.0","resolution":"E:\\Amazon\\amazon\\functions\\node_modules\\firebase-functions\\lib\\index.js"} {"metadata":{"emulator":{"name":"functions"},"message":"[runtime-status] [10816] Resolved module firebase-functions {\"declared\":true,\"installed\":true,\"version\":\"3.13.0\",\"resolution\":\"E:\\\\Amazon\\\\amazon\\\\functions\\\\node_modules\\\\firebase-functions\\\\lib\\\\index.js\"}"}}
[debug] [2021-01-19T06:08:52.854Z] [runtime-status] [10816] Resolved module firebase-functions {"declared":true,"installed":true,"version":"3.13.0","resolution":"E:\\Amazon\\amazon\\functions\\node_modules\\firebase-functions\\lib\\index.js"} {"metadata":{"emulator":{"name":"functions"},"message":"[runtime-status] [10816] Resolved module firebase-functions {\"declared\":true,\"installed\":true,\"version\":\"3.13.0\",\"resolution\":\"E:\\\\Amazon\\\\amazon\\\\functions\\\\node_modules\\\\firebase-functions\\\\lib\\\\index.js\"}"}}
[debug] [2021-01-19T06:08:52.856Z] [runtime-status] [10816] Outgoing network have been stubbed. [{"name":"http","status":"mocked"},{"name":"http","status":"mocked"},{"name":"https","status":"mocked"},{"name":"https","status":"mocked"},{"name":"net","status":"mocked"}] {"metadata":{"emulator":{"name":"functions"},"message":"[runtime-status] [10816] Outgoing network have been stubbed. [{\"name\":\"http\",\"status\":\"mocked\"},{\"name\":\"http\",\"status\":\"mocked\"},{\"name\":\"https\",\"status\":\"mocked\"},{\"name\":\"https\",\"status\":\"mocked\"},{\"name\":\"net\",\"status\":\"mocked\"}]"}}
[debug] [2021-01-19T06:08:52.857Z] [runtime-status] [10816] Resolved module firebase-functions {"declared":true,"installed":true,"version":"3.13.0","resolution":"E:\\Amazon\\amazon\\functions\\node_modules\\firebase-functions\\lib\\index.js"} {"metadata":{"emulator":{"name":"functions"},"message":"[runtime-status] [10816] Resolved module firebase-functions {\"declared\":true,\"installed\":true,\"version\":\"3.13.0\",\"resolution\":\"E:\\\\Amazon\\\\amazon\\\\functions\\\\node_modules\\\\firebase-functions\\\\lib\\\\index.js\"}"}}
[debug] [2021-01-19T06:08:52.908Z] [runtime-status] [10816] Checked functions.config() {"config":{}} {"metadata":{"emulator":{"name":"functions"},"message":"[runtime-status] [10816] Checked functions.config() {\"config\":{}}"}}
[debug] [2021-01-19T06:08:52.909Z] [runtime-status] [10816] firebase-functions has been stubbed. {"functionsResolution":{"declared":true,"installed":true,"version":"3.13.0","resolution":"E:\\Amazon\\amazon\\functions\\node_modules\\firebase-functions\\lib\\index.js"}} {"metadata":{"emulator":{"name":"functions"},"message":"[runtime-status] [10816] firebase-functions has been stubbed. {\"functionsResolution\":{\"declared\":true,\"installed\":true,\"version\":\"3.13.0\",\"resolution\":\"E:\\\\Amazon\\\\amazon\\\\functions\\\\node_modules\\\\firebase-functions\\\\lib\\\\index.js\"}}"}}
[debug] [2021-01-19T06:08:52.910Z] [runtime-status] [10816] Resolved module firebase-functions {"declared":true,"installed":true,"version":"3.13.0","resolution":"E:\\Amazon\\amazon\\functions\\node_modules\\firebase-functions\\lib\\index.js"} {"metadata":{"emulator":{"name":"functions"},"message":"[runtime-status] [10816] Resolved module firebase-functions {\"declared\":true,\"installed\":true,\"version\":\"3.13.0\",\"resolution\":\"E:\\\\Amazon\\\\amazon\\\\functions\\\\node_modules\\\\firebase-functions\\\\lib\\\\index.js\"}"}}
[debug] [2021-01-19T06:08:52.911Z] [runtime-status] [10816] Resolved module firebase-admin {"declared":true,"installed":true,"version":"9.4.2","resolution":"E:\\Amazon\\amazon\\functions\\node_modules\\firebase-admin\\lib\\index.js"} {"metadata":{"emulator":{"name":"functions"},"message":"[runtime-status] [10816] Resolved module firebase-admin {\"declared\":true,\"installed\":true,\"version\":\"9.4.2\",\"resolution\":\"E:\\\\Amazon\\\\amazon\\\\functions\\\\node_modules\\\\firebase-admin\\\\lib\\\\index.js\"}"}}
[debug] [2021-01-19T06:08:52.912Z] [runtime-status] [10816] Resolved module firebase-functions {"declared":true,"installed":true,"version":"3.13.0","resolution":"E:\\Amazon\\amazon\\functions\\node_modules\\firebase-functions\\lib\\index.js"} {"metadata":{"emulator":{"name":"functions"},"message":"[runtime-status] [10816] Resolved module firebase-functions {\"declared\":true,\"installed\":true,\"version\":\"3.13.0\",\"resolution\":\"E:\\\\Amazon\\\\amazon\\\\functions\\\\node_modules\\\\firebase-functions\\\\lib\\\\index.js\"}"}}
[debug] [2021-01-19T06:08:52.912Z] [runtime-status] [10816] firebase-admin has been stubbed. {"adminResolution":{"declared":true,"installed":true,"version":"9.4.2","resolution":"E:\\Amazon\\amazon\\functions\\node_modules\\firebase-admin\\lib\\index.js"}} {"metadata":{"emulator":{"name":"functions"},"message":"[runtime-status] [10816] firebase-admin has been stubbed. {\"adminResolution\":{\"declared\":true,\"installed\":true,\"version\":\"9.4.2\",\"resolution\":\"E:\\\\Amazon\\\\amazon\\\\functions\\\\node_modules\\\\firebase-admin\\\\lib\\\\index.js\"}}"}}
[debug] [2021-01-19T06:08:53.099Z] [worker-~diagnostic~-29c5b21f-486a-4f29-9b62-53eeabcbd4e3]: IDLE {"metadata":{"emulator":{"name":"functions"},"message":"[worker-~diagnostic~-29c5b21f-486a-4f29-9b62-53eeabcbd4e3]: IDLE"}}
[debug] [2021-01-19T06:10:56.161Z] File E:\Amazon\amazon\functions\package.json changed, reloading triggers {"metadata":{"emulator":{"name":"functions"},"message":"File E:\\Amazon\\amazon\\functions\\package.json changed, reloading triggers"}}
[debug] [2021-01-19T06:10:56.222Z] File E:\Amazon\amazon\functions\package-lock.json changed, reloading triggers {"metadata":{"emulator":{"name":"functions"},"message":"File E:\\Amazon\\amazon\\functions\\package-lock.json changed, reloading triggers"}}
[debug] [2021-01-19T06:10:57.222Z] [worker-pool] Shutting down IDLE worker (~diagnostic~) {"metadata":{"emulator":{"name":"functions"},"message":"[worker-pool] Shutting down IDLE worker (~diagnostic~)"}}
[debug] [2021-01-19T06:10:57.222Z] [worker-~diagnostic~-29c5b21f-486a-4f29-9b62-53eeabcbd4e3]: FINISHING {"metadata":{"emulator":{"name":"functions"},"message":"[worker-~diagnostic~-29c5b21f-486a-4f29-9b62-53eeabcbd4e3]: FINISHING"}}
[debug] [2021-01-19T06:10:57.223Z] [worker-pool] Cleaned up workers for ~diagnostic~: 2 --> 1 {"metadata":{"emulator":{"name":"functions"},"message":"[worker-pool] Cleaned up workers for ~diagnostic~: 2 --> 1"}}
[debug] [2021-01-19T06:10:57.227Z] [worker-pool] addWorker(~diagnostic~) {"metadata":{"emulator":{"name":"functions"},"message":"[worker-pool] addWorker(~diagnostic~)"}}
[debug] [2021-01-19T06:10:57.227Z] [worker-pool] Adding worker with key ~diagnostic~, total=2 {"metadata":{"emulator":{"name":"functions"},"message":"[worker-pool] Adding worker with key ~diagnostic~, total=2"}}
[debug] [2021-01-19T06:10:57.227Z] [worker-pool] submitWork(triggerId=) {"metadata":{"emulator":{"name":"functions"},"message":"[worker-pool] submitWork(triggerId=)"}}
[debug] [2021-01-19T06:10:57.227Z] [worker-~diagnostic~-292a0333-73de-4d3c-830a-d33b84cec9b0]: Assigning socketPath: \\?\pipe\E:\Amazon\amazon\functions\8472 {"metadata":{"emulator":{"name":"functions"},"message":"[worker-~diagnostic~-292a0333-73de-4d3c-830a-d33b84cec9b0]: Assigning socketPath: \\\\?\\pipe\\E:\\Amazon\\amazon\\functions\\8472"}}
[debug] [2021-01-19T06:10:57.228Z] [worker-~diagnostic~-292a0333-73de-4d3c-830a-d33b84cec9b0]: BUSY {"metadata":{"emulator":{"name":"functions"},"message":"[worker-~diagnostic~-292a0333-73de-4d3c-830a-d33b84cec9b0]: BUSY"}}
[debug] [2021-01-19T06:10:57.228Z] [worker-~diagnostic~-29c5b21f-486a-4f29-9b62-53eeabcbd4e3]: exited {"metadata":{"emulator":{"name":"functions"},"message":"[worker-~diagnostic~-29c5b21f-486a-4f29-9b62-53eeabcbd4e3]: exited"}}
[debug] [2021-01-19T06:10:57.228Z] [worker-~diagnostic~-29c5b21f-486a-4f29-9b62-53eeabcbd4e3]: FINISHED {"metadata":{"emulator":{"name":"functions"},"message":"[worker-~diagnostic~-29c5b21f-486a-4f29-9b62-53eeabcbd4e3]: FINISHED"}}
[debug] [2021-01-19T06:10:57.439Z] [runtime-status] [8472] Functions runtime initialized. {"cwd":"E:\\Amazon\\amazon\\functions","node_version":"14.15.1"} {"metadata":{"emulator":{"name":"functions"},"message":"[runtime-status] [8472] Functions runtime initialized. {\"cwd\":\"E:\\\\Amazon\\\\amazon\\\\functions\",\"node_version\":\"14.15.1\"}"}}
[debug] [2021-01-19T06:10:57.440Z] [runtime-status] [8472] Disabled runtime features: undefined {"metadata":{"emulator":{"name":"functions"},"message":"[runtime-status] [8472] Disabled runtime features: undefined"}}
[debug] [2021-01-19T06:10:57.442Z] [runtime-status] [8472] Resolved module firebase-admin {"declared":true,"installed":true,"version":"9.4.2","resolution":"E:\\Amazon\\amazon\\functions\\node_modules\\firebase-admin\\lib\\index.js"} {"metadata":{"emulator":{"name":"functions"},"message":"[runtime-status] [8472] Resolved module firebase-admin {\"declared\":true,\"installed\":true,\"version\":\"9.4.2\",\"resolution\":\"E:\\\\Amazon\\\\amazon\\\\functions\\\\node_modules\\\\firebase-admin\\\\lib\\\\index.js\"}"}}
[debug] [2021-01-19T06:10:57.444Z] [runtime-status] [8472] Resolved module firebase-functions {"declared":true,"installed":true,"version":"3.13.0","resolution":"E:\\Amazon\\amazon\\functions\\node_modules\\firebase-functions\\lib\\index.js"} {"metadata":{"emulator":{"name":"functions"},"message":"[runtime-status] [8472] Resolved module firebase-functions {\"declared\":true,\"installed\":true,\"version\":\"3.13.0\",\"resolution\":\"E:\\\\Amazon\\\\amazon\\\\functions\\\\node_modules\\\\firebase-functions\\\\lib\\\\index.js\"}"}}
[debug] [2021-01-19T06:10:57.445Z] [runtime-status] [8472] Resolved module firebase-functions {"declared":true,"installed":true,"version":"3.13.0","resolution":"E:\\Amazon\\amazon\\functions\\node_modules\\firebase-functions\\lib\\index.js"} {"metadata":{"emulator":{"name":"functions"},"message":"[runtime-status] [8472] Resolved module firebase-functions {\"declared\":true,\"installed\":true,\"version\":\"3.13.0\",\"resolution\":\"E:\\\\Amazon\\\\amazon\\\\functions\\\\node_modules\\\\firebase-functions\\\\lib\\\\index.js\"}"}}
[debug] [2021-01-19T06:10:57.447Z] [runtime-status] [8472] Outgoing network have been stubbed. [{"name":"http","status":"mocked"},{"name":"http","status":"mocked"},{"name":"https","status":"mocked"},{"name":"https","status":"mocked"},{"name":"net","status":"mocked"}] {"metadata":{"emulator":{"name":"functions"},"message":"[runtime-status] [8472] Outgoing network have been stubbed. [{\"name\":\"http\",\"status\":\"mocked\"},{\"name\":\"http\",\"status\":\"mocked\"},{\"name\":\"https\",\"status\":\"mocked\"},{\"name\":\"https\",\"status\":\"mocked\"},{\"name\":\"net\",\"status\":\"mocked\"}]"}}
[debug] [2021-01-19T06:10:57.447Z] [runtime-status] [8472] Resolved module firebase-functions {"declared":true,"installed":true,"version":"3.13.0","resolution":"E:\\Amazon\\amazon\\functions\\node_modules\\firebase-functions\\lib\\index.js"} {"metadata":{"emulator":{"name":"functions"},"message":"[runtime-status] [8472] Resolved module firebase-functions {\"declared\":true,\"installed\":true,\"version\":\"3.13.0\",\"resolution\":\"E:\\\\Amazon\\\\amazon\\\\functions\\\\node_modules\\\\firebase-functions\\\\lib\\\\index.js\"}"}}
[debug] [2021-01-19T06:10:57.487Z] [runtime-status] [8472] Checked functions.config() {"config":{}} {"metadata":{"emulator":{"name":"functions"},"message":"[runtime-status] [8472] Checked functions.config() {\"config\":{}}"}}
[debug] [2021-01-19T06:10:57.488Z] [runtime-status] [8472] firebase-functions has been stubbed. {"functionsResolution":{"declared":true,"installed":true,"version":"3.13.0","resolution":"E:\\Amazon\\amazon\\functions\\node_modules\\firebase-functions\\lib\\index.js"}} {"metadata":{"emulator":{"name":"functions"},"message":"[runtime-status] [8472] firebase-functions has been stubbed. {\"functionsResolution\":{\"declared\":true,\"installed\":true,\"version\":\"3.13.0\",\"resolution\":\"E:\\\\Amazon\\\\amazon\\\\functions\\\\node_modules\\\\firebase-functions\\\\lib\\\\index.js\"}}"}}
[debug] [2021-01-19T06:10:57.488Z] [runtime-status] [8472] Resolved module firebase-functions {"declared":true,"installed":true,"version":"3.13.0","resolution":"E:\\Amazon\\amazon\\functions\\node_modules\\firebase-functions\\lib\\index.js"} {"metadata":{"emulator":{"name":"functions"},"message":"[runtime-status] [8472] Resolved module firebase-functions {\"declared\":true,\"installed\":true,\"version\":\"3.13.0\",\"resolution\":\"E:\\\\Amazon\\\\amazon\\\\functions\\\\node_modules\\\\firebase-functions\\\\lib\\\\index.js\"}"}}
[debug] [2021-01-19T06:10:57.489Z] [runtime-status] [8472] Resolved module firebase-admin {"declared":true,"installed":true,"version":"9.4.2","resolution":"E:\\Amazon\\amazon\\functions\\node_modules\\firebase-admin\\lib\\index.js"} {"metadata":{"emulator":{"name":"functions"},"message":"[runtime-status] [8472] Resolved module firebase-admin {\"declared\":true,\"installed\":true,\"version\":\"9.4.2\",\"resolution\":\"E:\\\\Amazon\\\\amazon\\\\functions\\\\node_modules\\\\firebase-admin\\\\lib\\\\index.js\"}"}}
[debug] [2021-01-19T06:10:57.490Z] [runtime-status] [8472] Resolved module firebase-functions {"declared":true,"installed":true,"version":"3.13.0","resolution":"E:\\Amazon\\amazon\\functions\\node_modules\\firebase-functions\\lib\\index.js"} {"metadata":{"emulator":{"name":"functions"},"message":"[runtime-status] [8472] Resolved module firebase-functions {\"declared\":true,\"installed\":true,\"version\":\"3.13.0\",\"resolution\":\"E:\\\\Amazon\\\\amazon\\\\functions\\\\node_modules\\\\firebase-functions\\\\lib\\\\index.js\"}"}}
[debug] [2021-01-19T06:10:57.490Z] [runtime-status] [8472] firebase-admin has been stubbed. {"adminResolution":{"declared":true,"installed":true,"version":"9.4.2","resolution":"E:\\Amazon\\amazon\\functions\\node_modules\\firebase-admin\\lib\\index.js"}} {"metadata":{"emulator":{"name":"functions"},"message":"[runtime-status] [8472] firebase-admin has been stubbed. {\"adminResolution\":{\"declared\":true,\"installed\":true,\"version\":\"9.4.2\",\"resolution\":\"E:\\\\Amazon\\\\amazon\\\\functions\\\\node_modules\\\\firebase-admin\\\\lib\\\\index.js\"}}"}}
[debug] [2021-01-19T06:10:57.615Z] [worker-~diagnostic~-292a0333-73de-4d3c-830a-d33b84cec9b0]: IDLE {"metadata":{"emulator":{"name":"functions"},"message":"[worker-~diagnostic~-292a0333-73de-4d3c-830a-d33b84cec9b0]: IDLE"}}
[debug] [2021-01-19T06:20:43.903Z] [worker-~diagnostic~-292a0333-73de-4d3c-830a-d33b84cec9b0]: exited {"metadata":{"emulator":{"name":"functions"},"message":"[worker-~diagnostic~-292a0333-73de-4d3c-830a-d33b84cec9b0]: exited"}}
